\BOOKMARK [1][-]{section.1}{\376\377\000V\036\245\000n\000\040\001\021\036\301\000\040\000c\036\247\000n\000\040\000g\000i\036\243\000i\000\040\000q\000u\000y\036\277\000t}{}% 1
\BOOKMARK [2][-]{subsection.1.1}{\376\377\000B\036\321\000i\000\040\000c\036\243\000n\000h\000:\000\040\000Q\000u\000\341\000\040\000t\036\243\000i\000\040\000c\000h\036\251\000n\000\040\001\021\000o\000\341\000n\000\040\000h\000\354\000n\000h\000\040\036\243\000n\000h\000\040\000y\000\040\000k\000h\000o\000a}{section.1}% 2
\BOOKMARK [2][-]{subsection.1.2}{\376\377\001\020\000i\036\303\000m\000\040\001\021\000a\000u\000:\000\040\000`\000`\001\020\000\372\000n\000g\000\040\000c\000\342\000u\000\040\000t\000r\036\243\000\040\000l\036\335\000i\000,\000\040\000s\000a\000i\000\040\000l\000\375\000\040\000d\000o\000'\000'}{section.1}% 3
\BOOKMARK [2][-]{subsection.1.3}{\376\377\000V\000\354\000\040\000s\000a\000o\000\040\000c\036\247\000n\000\040\000A\000I\000\040\040\024\000\040\000v\000\340\000\040\000v\000\354\000\040\000s\000a\000o\000\040\000A\000I\000\040\000h\000i\036\307\000n\000\040\000t\036\241\000i\000\040\000c\000h\001\260\000a\000\040\001\021\036\347}{section.1}% 4
\BOOKMARK [1][-]{section.2}{\376\377\000G\000i\036\243\000i\000\040\000p\000h\000\341\000p\000:\000\040\000K\000R\000O\000N\000O\000S}{}% 5
\BOOKMARK [2][-]{subsection.2.1}{\376\377\000T\036\247\000m\000\040\000n\000h\000\354\000n\000\040\000s\036\243\000n\000\040\000p\000h\036\251\000m}{section.2}% 6
\BOOKMARK [2][-]{subsection.2.2}{\376\377\000S\000\341\000u\000\040\000n\000g\000u\000y\000\352\000n\000\040\000l\000\375\000\040\000t\000h\000i\036\277\000t\000\040\000k\036\277}{section.2}% 7
\BOOKMARK [2][-]{subsection.2.3}{\376\377\000C\001\241\000\040\000s\036\337\000\040\000n\000g\000h\000i\000\352\000n\000\040\000c\036\351\000u\000\040\040\024\000\040\000t\036\241\000i\000\040\000s\000a\000o\000\040\000c\000\341\000c\000h\000\040\000t\000i\036\277\000p\000\040\000c\036\255\000n\000\040\000n\000\340\000y}{section.2}% 8
\BOOKMARK [3][-]{subsubsection.2.3.1}{\376\377\000V\036\245\000n\000\040\001\021\036\301\000\040\0001\000:\000\040\000C\000h\000u\036\327\000i\000\040\000l\000\375\000\040\000l\000u\036\255\000n\000\040\000c\036\347\000a\000\040\000L\000L\000M\000\040\000k\000h\000\364\000n\000g\000\040\000t\000r\000u\000n\000g\000\040\000t\000h\036\361\000c}{subsection.2.3}% 9
\BOOKMARK [3][-]{subsubsection.2.3.2}{\376\377\000V\036\245\000n\000\040\001\021\036\301\000\040\0002\000:\000\040\000T\000r\000i\000\040\000t\000h\036\351\000c\000\040\001\021\036\323\000\040\000t\000h\036\313\000\040\001\021\001\260\036\343\000c\000\040\000d\000\371\000n\000g\000\040\001\021\036\303\000\040\000d\036\241\000y\000,\000\040\000k\000h\000\364\000n\000g\000\040\000p\000h\036\243\000i\000\040\001\021\036\303\000\040\000s\000u\000y\000\040\000l\000u\036\255\000n}{subsection.2.3}% 10
\BOOKMARK [3][-]{subsubsection.2.3.3}{\376\377\000V\036\245\000n\000\040\001\021\036\301\000\040\0003\000:\000\040\000C\000\342\000u\000\040\000h\036\317\000i\000\040\000p\000h\036\347\000\040\001\021\036\313\000n\000h\000\040\000c\036\247\000n\000\040\000t\000h\036\277\000\040\000g\000i\036\333\000i\000\040\001\021\000\363\000n\000g}{subsection.2.3}% 11
\BOOKMARK [3][-]{subsubsection.2.3.4}{\376\377\000V\036\245\000n\000\040\001\021\036\301\000\040\0004\000:\000\040\000T\000\341\000c\000\040\000t\036\355\000\040\000s\000u\000y\000\040\000l\000u\036\255\000n\000\040\000t\036\361\000\040\000d\000o\000\040\000t\000h\000\354\000\040\000k\000h\000\364\000n\000g\000\040\000t\000r\000u\000n\000g\000\040\000t\000h\036\361\000c\000\040\040\024\000\040\000c\036\247\000n\000\040\000`\000`\000h\000\340\000n\000h\000\040\001\021\036\331\000n\000g\000'\000'\000\040\000c\000\363\000\040\000c\001\241\000\040\000s\036\337}{subsection.2.3}% 12
\BOOKMARK [3][-]{subsubsection.2.3.5}{\376\377\000V\036\245\000n\000\040\001\021\036\301\000\040\0005\000:\000\040\000C\036\247\000n\000\040\001\021\000\341\000n\000h\000\040\000g\000i\000\341\000\040\000p\000h\000\371\000\040\000h\036\343\000p}{subsection.2.3}% 13
\BOOKMARK [1][-]{section.3}{\376\377\000T\000h\000i\036\277\000t\000\040\000k\036\277\000\040\000t\036\325\000n\000g\000\040\000q\000u\000a\000n\000\040\000k\000i\036\277\000n\000\040\000t\000r\000\372\000c}{}% 14
\BOOKMARK [2][-]{subsection.3.1}{\376\377\000S\001\241\000\040\001\021\036\323\000\040\000k\000i\036\277\000n\000\040\000t\000r\000\372\000c}{section.3}% 15
\BOOKMARK [2][-]{subsection.3.2}{\376\377\000T\036\325\000n\000g\000\040\000q\000u\000a\000n\000\040\000l\000u\036\323\000n\000g\000\040\000x\036\355\000\040\000l\000\375}{section.3}% 16
\BOOKMARK [1][-]{section.4}{\376\377\000P\000h\001\260\001\241\000n\000g\000\040\000p\000h\000\341\000p\000\040\000l\000u\036\255\000n\000\040\000c\000h\000i\000\040\000t\000i\036\277\000t}{}% 17
\BOOKMARK [2][-]{subsection.4.1}{\376\377\000B\001\260\036\333\000c\000\040\0001\000:\000\040\000N\000h\036\255\000n\000\040\000t\000h\036\351\000c\000\040\040\024\000\040\000E\000v\000a\000X\000\040\000\050\000t\000\341\000c\000h\000\040\000r\036\335\000i\000,\000\040\001\021\036\331\000c\000\040\000l\036\255\000p\000\040\000c\000\342\000u\000\040\000h\036\317\000i\000\051}{section.4}% 18
\BOOKMARK [3][-]{subsubsection.4.1.1}{\376\377\000M\036\345\000c\000\040\000t\000i\000\352\000u}{subsection.4.1}% 19
\BOOKMARK [3][-]{subsubsection.4.1.2}{\376\377\000M\000\364\000\040\000h\000\354\000n\000h\000\040\000s\036\355\000\040\000d\036\345\000n\000g}{subsection.4.1}% 20
\BOOKMARK [3][-]{subsubsection.4.1.3}{\376\377\000V\000\355\000\040\000d\036\345\000\040\000m\000i\000n\000h\000\040\000h\036\315\000a\000\040\040\024\000\040\000k\036\313\000c\000h\000\040\000b\036\243\000n\000\040\000x\000u\000y\000\352\000n\000\040\000s\000u\036\321\000t}{subsection.4.1}% 21
\BOOKMARK [2][-]{subsection.4.2}{\376\377\000B\001\260\036\333\000c\000\040\0002\000:\000\040\000P\000h\000\342\000n\000\040\000l\000o\036\241\000i\000\040\000c\000\342\000u\000\040\000h\036\317\000i\000\040\000\050\000Q\000u\000e\000s\000t\000i\000o\000n\000\040\000T\000y\000p\000i\000n\000g\000\051}{section.4}% 22
\BOOKMARK [3][-]{subsubsection.4.2.1}{\376\377\000M\036\345\000c\000\040\000t\000i\000\352\000u}{subsection.4.2}% 23
\BOOKMARK [3][-]{subsubsection.4.2.2}{\376\377\000Q\000u\000y\000\040\000t\036\257\000c\000\040\000b\036\243\000o\000\040\000t\000h\036\347}{subsection.4.2}% 24
\BOOKMARK [3][-]{subsubsection.4.2.3}{\376\377\000L\036\255\000p\000\040\000k\036\277\000\040\000h\000o\036\241\000c\000h\000\040\042\140\000\040\000p\000h\000\342\000n\000\040\000r\000\343}{subsection.4.2}% 25
\BOOKMARK [2][-]{subsection.4.3}{\376\377\000B\001\260\036\333\000c\000\040\0003\000:\000\040\000L\000i\000\352\000n\000\040\000k\036\277\000t\000\040\000k\000h\000\341\000i\000\040\000n\000i\036\307\000m\000\040\000+\000\040\000D\036\361\000n\000g\000\040\001\021\036\323\000\040\000t\000h\036\313\000\040\000b\036\261\000n\000g\000\040\000c\000h\036\351\000n\000g}{section.4}% 26
\BOOKMARK [3][-]{subsubsection.4.3.1}{\376\377\000M\036\345\000c\000\040\000t\000i\000\352\000u}{subsection.4.3}% 27
\BOOKMARK [3][-]{subsubsection.4.3.2}{\376\377\000A\000i\000\040\000l\000\340\000m\000\040\000l\000i\000\352\000n\000\040\000k\036\277\000t\000?}{subsection.4.3}% 28
\BOOKMARK [3][-]{subsubsection.4.3.3}{\376\377\000T\036\241\000i\000\040\000s\000a\000o\000\040\000b\001\260\036\333\000c\000\040\000n\000\340\000y\000\040\000q\000u\000a\000n\000\040\000t\000r\036\315\000n\000g}{subsection.4.3}% 29
\BOOKMARK [2][-]{subsection.4.4}{\376\377\000B\001\260\036\333\000c\000\040\0004\000:\000\040\001\020\036\323\000\040\000t\000h\036\313\000\040\000b\036\243\000n\000\040\000t\000h\036\303\000\040\000h\036\315\000c\000\040\000\050\000O\000n\000t\000o\000l\000o\000g\000y\000\040\000D\000A\000G\000\051}{section.4}% 30
\BOOKMARK [3][-]{subsubsection.4.4.1}{\376\377\000T\036\241\000i\000\040\000s\000a\000o\000\040\000k\000h\000\364\000n\000g\000\040\000d\000\371\000n\000g\000\040\000R\000a\000d\000L\000e\000x\000\040\000h\000a\000y\000\040\000S\000N\000O\000M\000E\000D\000\040\000C\000T\000?}{subsection.4.4}% 31
\BOOKMARK [3][-]{subsubsection.4.4.2}{\376\377\000C\036\245\000u\000\040\000t\000r\000\372\000c}{subsection.4.4}% 32
\BOOKMARK [3][-]{subsubsection.4.4.3}{\376\377\000B\036\321\000n\000\040\000v\000a\000i\000\040\000t\000r\000\362\000\040\000s\000u\000y\000\040\000l\000u\036\255\000n}{subsection.4.4}% 33
\BOOKMARK [3][-]{subsubsection.4.4.4}{\376\377\000T\000r\000\355\000c\000h\000\040\001\021\000o\036\241\000n\000\040\000D\000A\000G\000\040\000m\000i\000n\000h\000\040\000h\036\315\000a}{subsection.4.4}% 34
\BOOKMARK [3][-]{subsubsection.4.4.5}{\376\377\000D\000a\000n\000h\000\040\000s\000\341\000c\000h\000\040\000l\000o\036\241\000i\000\040\000t\000r\036\353\000\040\000t\000h\036\277\000\040\000g\000i\036\333\000i\000\040\001\021\000\363\000n\000g}{subsection.4.4}% 35
\BOOKMARK [2][-]{subsection.4.5}{\376\377\000B\001\260\036\333\000c\000\040\0004\000:\000\040\000T\000\341\000c\000\040\000t\036\355\000\040\000R\000e\000A\000c\000t\000\040\000t\000r\000\352\000n\000\040\001\021\036\323\000\040\000t\000h\036\313\000\040\040\024\000\040\000s\000u\000y\000\040\000l\000u\036\255\000n\000\040\000b\036\261\000n\000g\000\040\000h\000\340\000n\000h\000\040\001\021\036\331\000n\000g}{section.4}% 36
\BOOKMARK [3][-]{subsubsection.4.5.1}{\376\377\000V\000\362\000n\000g\000\040\000l\036\267\000p\000\040\000R\000e\000A\000c\000t}{subsection.4.5}% 37
\BOOKMARK [3][-]{subsubsection.4.5.2}{\376\377\000B\036\331\000\040\000c\000\364\000n\000g\000\040\000c\036\345\000\040\000t\036\245\000t\000\040\001\021\036\313\000n\000h\000\040\000\050\000A\000c\000t\000i\000o\000n\000\040\000S\000e\000t\000\051}{subsection.4.5}% 38
\BOOKMARK [3][-]{subsubsection.4.5.3}{\376\377\000V\000\355\000\040\000d\036\345\000:\000\040\000v\000\362\000n\000g\000\040\000l\036\267\000p\000\040\000R\000e\000A\000c\000t\000\040\000c\000h\000o\000\040\000c\000\342\000u\000\040\000h\036\317\000i\000\040\000b\000a\000o\000\040\000h\000\340\000m}{subsection.4.5}% 39
\BOOKMARK [3][-]{subsubsection.4.5.4}{\376\377\000V\000\355\000\040\000d\036\345\000:\000\040\000v\000\362\000n\000g\000\040\000l\036\267\000p\000\040\000R\000e\000A\000c\000t\000\040\000c\000h\000o\000\040\000c\000\342\000u\000\040\000h\036\317\000i\000\040\000p\000h\036\347\000\040\001\021\036\313\000n\000h\000\040\000\050\000t\000r\001\260\036\335\000n\000g\000\040\000h\036\343\000p\000\040\000k\000h\000\363\000\040\000n\000h\036\245\000t\000\051}{subsection.4.5}% 40
\BOOKMARK [2][-]{subsection.4.6}{\376\377\000B\001\260\036\333\000c\000\040\0005\000:\000\040\000C\036\325\000n\000g\000\040\000x\000\341\000c\000\040\000m\000i\000n\000h\000\040\000+\000\040\000P\000h\000\342\000n\000\040\000h\036\241\000n\000g}{section.4}% 41
\BOOKMARK [3][-]{subsubsection.4.6.1}{\376\377\000V\000a\000i\000\040\000t\000r\000\362}{subsection.4.6}% 42
\BOOKMARK [3][-]{subsubsection.4.6.2}{\376\377\000B\000a\000\040\000h\036\241\000n\000g\000\040\001\021\036\247\000u\000\040\000r\000a}{subsection.4.6}% 43
\BOOKMARK [3][-]{subsubsection.4.6.3}{\376\377\000B\036\321\000n\000\040\000p\000h\000\351\000p\000\040\000k\000i\036\303\000m\000\040\000t\000r\000a\000\040\000t\036\245\000t\000\040\001\021\036\313\000n\000h\000\040\000\050\000k\036\277\000\040\000t\000h\036\353\000a\000\040\000e\000n\000g\000i\000n\000e\000\040\000v\0002\000\051}{subsection.4.6}% 44
\BOOKMARK [3][-]{subsubsection.4.6.4}{\376\377\001\020\000i\036\301\000u\000\040\000k\000i\036\307\000n\000\040\001\021\000\363\000n\000g\000\040\000\050\000k\000h\000i\000\040\000n\000\340\000o\000\040\000x\000\341\000c\000\040\000m\000i\000n\000h\000\040\000k\036\277\000t\000\040\000l\000u\036\255\000n\000\051}{subsection.4.6}% 45
\BOOKMARK [2][-]{subsection.4.7}{\376\377\000B\001\260\036\333\000c\000\040\0006\000:\000\040\000T\000r\000\354\000n\000h\000\040\000b\000\340\000y\000\040\000c\000h\000u\036\327\000i\000\040\000s\000u\000y\000\040\000l\000u\036\255\000n}{section.4}% 46
\BOOKMARK [2][-]{subsection.4.8}{\376\377\001\020\000\341\000n\000h\000\040\000g\000i\000\341\000:\000\040\000E\000F\000@\000k\000\040\000v\000\340\000\040\000K\000i\036\303\000m\000\040\000t\000r\000a\000\040\000x\000\363\000a}{section.4}% 47
\BOOKMARK [3][-]{subsubsection.4.8.1}{\376\377\000E\000F\000@\000k\000\040\040\024\000\040\000T\000r\000u\000n\000g\000\040\000t\000h\036\361\000c\000\040\000b\036\261\000n\000g\000\040\000c\000h\036\351\000n\000g\000\040\000t\036\241\000i\000\040\000k}{subsection.4.8}% 48
\BOOKMARK [3][-]{subsubsection.4.8.2}{\376\377\000K\000i\036\303\000m\000\040\000t\000r\000a\000\040\000x\000\363\000a\000\040\040\024\000\040\000x\000\341\000c\000\040\000m\000i\000n\000h\000\040\000t\000\355\000n\000h\000\040\000n\000h\000\342\000n\000\040\000q\000u\036\243}{subsection.4.8}% 49
\BOOKMARK [2][-]{subsection.4.9}{\376\377\000V\000\354\000\040\000s\000a\000o\000\040\000m\036\327\000i\000\040\000b\001\260\036\333\000c\000\040\001\021\036\301\000u\000\040\000k\000h\036\243\000\040\000t\000h\000i\000\040\040\024\000\040\000k\000i\036\303\000m\000\040\000c\000h\036\351\000n\000g\000\040\000l\000o\000g\000i\000c}{section.4}% 50
\BOOKMARK [2][-]{subsection.4.10}{\376\377\000B\036\321\000n\000\040\000t\000\355\000n\000h\000\040\000c\000h\036\245\000t\000\040\000c\036\321\000t\000\040\000l\000\365\000i\000\040\000c\036\347\000a\000\040\000e\000n\000g\000i\000n\000e\000\040\000\050\000c\000\364\000n\000g\000\040\000c\036\345\000\040\000+\000\040\000x\000\341\000c\000\040\000m\000i\000n\000h\000\051}{section.4}% 51
\BOOKMARK [1][-]{section.5}{\376\377\000T\000\355\000n\000h\000\040\001\021\036\325\000i\000\040\000m\036\333\000i\000\040\000v\000\340\000\040\000k\000h\000\341\000c\000\040\000b\000i\036\307\000t}{}% 52
\BOOKMARK [2][-]{subsection.5.1}{\376\377\000S\000o\000\040\000s\000\341\000n\000h\000\040\000v\036\333\000i\000\040\000g\000i\036\243\000i\000\040\000p\000h\000\341\000p\000\040\000h\000i\036\307\000n\000\040\000c\000\363}{section.5}% 53
\BOOKMARK [2][-]{subsection.5.2}{\376\377\000N\001\003\000m\000\040\000t\000\355\000n\000h\000\040\000n\001\003\000n\000g\000\040\000c\036\321\000t\000\040\000l\000\365\000i\000\040\000k\000h\000\341\000c\000\040\000b\000i\036\307\000t\000\040\000\050\000>\0003\0000\000\045\000\051}{section.5}% 54
\BOOKMARK [1][-]{section.6}{\376\377\000T\000\355\000n\000h\000\040\000k\000h\036\243\000\040\000t\000h\000i}{}% 55
\BOOKMARK [2][-]{subsection.6.1}{\376\377\000D\036\357\000\040\000l\000i\036\307\000u}{section.6}% 56
\BOOKMARK [2][-]{subsection.6.2}{\376\377\000K\036\371\000\040\000t\000h\000u\036\255\000t\000\040\040\024\000\040\000X\000\342\000y\000\040\000d\036\361\000n\000g\000\040\000v\000\340\000\040\000t\000r\000i\036\303\000n\000\040\000k\000h\000a\000i}{section.6}% 57
\BOOKMARK [2][-]{subsection.6.3}{\376\377\000C\000h\000i\000\040\000p\000h\000\355\000\040\000h\036\241\000\040\000t\036\247\000n\000g}{section.6}% 58
\BOOKMARK [2][-]{subsection.6.4}{\376\377\000B\036\243\000o\000\040\000m\036\255\000t\000\040\000v\000\340\000\040\000p\000h\000\341\000p\000\040\000l\000\375}{section.6}% 59
\BOOKMARK [2][-]{subsection.6.5}{\376\377\000L\036\331\000\040\000t\000r\000\354\000n\000h\000\040\000t\000r\000i\036\303\000n\000\040\000k\000h\000a\000i}{section.6}% 60
\BOOKMARK [1][-]{section.7}{\376\377\000T\000\341\000c\000\040\001\021\036\331\000n\000g\000\040\000d\036\361\000\040\000k\000i\036\277\000n}{}% 61
\BOOKMARK [2][-]{subsection.7.1}{\376\377\000L\036\343\000i\000\040\000\355\000c\000h\000\040\000x\000\343\000\040\000h\036\331\000i}{section.7}% 62
\BOOKMARK [2][-]{subsection.7.2}{\376\377\000T\000h\036\313\000\040\000t\000r\001\260\036\335\000n\000g\000\040\000m\036\345\000c\000\040\000t\000i\000\352\000u}{section.7}% 63
\BOOKMARK [2][-]{subsection.7.3}{\376\377\001\257\000u\000\040\000t\000h\036\277\000\040\000c\036\241\000n\000h\000\040\000t\000r\000a\000n\000h}{section.7}% 64
\BOOKMARK [2][-]{subsection.7.4}{\376\377\000M\000\364\000\040\000h\000\354\000n\000h\000\040\000g\000i\000\341\000\040\000t\000r\036\313}{section.7}% 65
\BOOKMARK [1][-]{section.8}{\376\377\001\020\000\341\000n\000h\000\040\000g\000i\000\341\000\040\000v\000\340\000\040\000c\000\341\000c\000\040\000c\000h\036\311\000\040\000s\036\321}{}% 66
\BOOKMARK [1][-]{section.9}{\376\377\000R\036\347\000i\000\040\000r\000o\000\040\000v\000\340\000\040\000g\000i\036\243\000m\000\040\000t\000h\000i\036\303\000u}{}% 67
\BOOKMARK [1][-]{section.10}{\376\377\000T\000\363\000m\000\040\000t\036\257\000t}{}% 68
\BOOKMARK [1][-]{section.10}{\376\377\000T\000\340\000i\000\040\000l\000i\036\307\000u\000\040\000t\000h\000a\000m\000\040\000k\000h\036\243\000o}{}% 69
